2025-02-07 16:56:07 ==> [LOG 1] Tempo desde o último log: 0.000s | Tempo total: 0.000s | Mensagem: (-_-)
2025-02-07 16:56:07 ==> [LOG 2] Tempo desde o último log: 0.010s | Tempo total: 0.010s | Mensagem: HiveApp-build
2025-02-07 16:56:07 ==> [LOG 3] Tempo desde o último log: 0.240s | Tempo total: 0.250s | Mensagem: HomeScreen
2025-02-07 16:56:07 ==> [LOG 4] Tempo desde o último log: 0.001s | Tempo total: 0.251s | Mensagem: HomeScreen-create_contacts
2025-02-07 16:56:07 ==> [LOG 5] Tempo desde o último log: 0.030s | Tempo total: 0.281s | Mensagem: HomeScreen-load_contacts
2025-02-07 16:56:07 ==> [LOG 6] Tempo desde o último log: 0.000s | Tempo total: 0.281s | Mensagem: HomeScreen-create_contacts
2025-02-07 16:56:07 ==> [LOG 7] Tempo desde o último log: 0.029s | Tempo total: 0.310s | Mensagem: HomeScreen-load_contacts
2025-02-07 16:56:07 ==> [LOG 8] Tempo desde o último log: 0.000s | Tempo total: 0.310s | Mensagem: HomeScreen-create_contacts
2025-02-07 16:56:07 ==> [LOG 9] Tempo desde o último log: 0.029s | Tempo total: 0.339s | Mensagem: HomeScreen-load_contacts
2025-02-07 16:56:07 ==> [LOG 10] Tempo desde o último log: 0.000s | Tempo total: 0.339s | Mensagem: HomeScreen-create_contacts
2025-02-07 16:56:07 ==> [LOG 11] Tempo desde o último log: 0.027s | Tempo total: 0.366s | Mensagem: HomeScreen-load_contacts
2025-02-07 16:56:07 ==> [LOG 12] Tempo desde o último log: 0.000s | Tempo total: 0.366s | Mensagem: HomeScreen-create_contacts
2025-02-07 16:56:07 ==> [LOG 13] Tempo desde o último log: 0.024s | Tempo total: 0.389s | Mensagem: HomeScreen-load_contacts
2025-02-07 16:56:07 ==> [LOG 14] Tempo desde o último log: 0.000s | Tempo total: 0.389s | Mensagem: HomeScreen-create_contacts
2025-02-07 16:56:07 ==> [LOG 15] Tempo desde o último log: 0.024s | Tempo total: 0.414s | Mensagem: HomeScreen-load_contacts
2025-02-07 16:56:07 ==> [LOG 16] Tempo desde o último log: 0.000s | Tempo total: 0.414s | Mensagem: HomeScreen-create_contacts
2025-02-07 16:56:07 ==> [LOG 17] Tempo desde o último log: 0.024s | Tempo total: 0.438s | Mensagem: HomeScreen-load_contacts
2025-02-07 16:56:07 ==> [LOG 18] Tempo desde o último log: 0.000s | Tempo total: 0.438s | Mensagem: HomeScreen-create_contacts
2025-02-07 16:56:07 ==> [LOG 19] Tempo desde o último log: 0.022s | Tempo total: 0.460s | Mensagem: HomeScreen-load_contacts
2025-02-07 16:56:07 ==> [LOG 20] Tempo desde o último log: 0.000s | Tempo total: 0.460s | Mensagem: HomeScreen-create_contacts
2025-02-07 16:56:07 ==> [LOG 21] Tempo desde o último log: 0.025s | Tempo total: 0.485s | Mensagem: HomeScreen-load_contacts
2025-02-07 16:56:07 ==> [LOG 22] Tempo desde o último log: 0.000s | Tempo total: 0.485s | Mensagem: HomeScreen-create_contacts
2025-02-07 16:56:07 ==> [LOG 23] Tempo desde o último log: 0.138s | Tempo total: 0.624s | Mensagem: HomeScreen-load_contacts
2025-02-07 16:56:07 ==> [LOG 24] Tempo desde o último log: 0.084s | Tempo total: 0.708s | Mensagem: Messages
2025-02-07 16:56:09 ==> [LOG 25] Tempo desde o último log: 1.920s | Tempo total: 2.628s | Mensagem: __main__
