2025-02-07 16:56:14 ==> [LOG 1] Tempo desde o último log: 0.000s | Tempo total: 0.000s | Mensagem: (-_-)
2025-02-07 16:56:14 ==> [LOG 2] Tempo desde o último log: 0.007s | Tempo total: 0.007s | Mensagem: HiveApp-build
2025-02-07 16:56:14 ==> [LOG 3] Tempo desde o último log: 0.149s | Tempo total: 0.156s | Mensagem: HomeScreen
2025-02-07 16:56:14 ==> [LOG 4] Tempo desde o último log: 0.000s | Tempo total: 0.156s | Mensagem: HomeScreen-create_contacts
2025-02-07 16:56:14 ==> [LOG 5] Tempo desde o último log: 0.021s | Tempo total: 0.177s | Mensagem: HomeScreen-load_contacts
2025-02-07 16:56:14 ==> [LOG 6] Tempo desde o último log: 0.000s | Tempo total: 0.177s | Mensagem: HomeScreen-create_contacts
2025-02-07 16:56:14 ==> [LOG 7] Tempo desde o último log: 0.019s | Tempo total: 0.196s | Mensagem: HomeScreen-load_contacts
2025-02-07 16:56:14 ==> [LOG 8] Tempo desde o último log: 0.000s | Tempo total: 0.196s | Mensagem: HomeScreen-create_contacts
2025-02-07 16:56:14 ==> [LOG 9] Tempo desde o último log: 0.020s | Tempo total: 0.216s | Mensagem: HomeScreen-load_contacts
2025-02-07 16:56:14 ==> [LOG 10] Tempo desde o último log: 0.000s | Tempo total: 0.216s | Mensagem: HomeScreen-create_contacts
2025-02-07 16:56:14 ==> [LOG 11] Tempo desde o último log: 0.018s | Tempo total: 0.234s | Mensagem: HomeScreen-load_contacts
2025-02-07 16:56:14 ==> [LOG 12] Tempo desde o último log: 0.000s | Tempo total: 0.234s | Mensagem: HomeScreen-create_contacts
2025-02-07 16:56:14 ==> [LOG 13] Tempo desde o último log: 0.020s | Tempo total: 0.254s | Mensagem: HomeScreen-load_contacts
2025-02-07 16:56:14 ==> [LOG 14] Tempo desde o último log: 0.000s | Tempo total: 0.254s | Mensagem: HomeScreen-create_contacts
2025-02-07 16:56:14 ==> [LOG 15] Tempo desde o último log: 0.020s | Tempo total: 0.274s | Mensagem: HomeScreen-load_contacts
2025-02-07 16:56:14 ==> [LOG 16] Tempo desde o último log: 0.000s | Tempo total: 0.274s | Mensagem: HomeScreen-create_contacts
2025-02-07 16:56:14 ==> [LOG 17] Tempo desde o último log: 0.020s | Tempo total: 0.295s | Mensagem: HomeScreen-load_contacts
2025-02-07 16:56:14 ==> [LOG 18] Tempo desde o último log: 0.000s | Tempo total: 0.295s | Mensagem: HomeScreen-create_contacts
2025-02-07 16:56:14 ==> [LOG 19] Tempo desde o último log: 0.019s | Tempo total: 0.314s | Mensagem: HomeScreen-load_contacts
2025-02-07 16:56:14 ==> [LOG 20] Tempo desde o último log: 0.000s | Tempo total: 0.314s | Mensagem: HomeScreen-create_contacts
2025-02-07 16:56:14 ==> [LOG 21] Tempo desde o último log: 0.021s | Tempo total: 0.335s | Mensagem: HomeScreen-load_contacts
2025-02-07 16:56:14 ==> [LOG 22] Tempo desde o último log: 0.000s | Tempo total: 0.335s | Mensagem: HomeScreen-create_contacts
2025-02-07 16:56:15 ==> [LOG 23] Tempo desde o último log: 0.125s | Tempo total: 0.460s | Mensagem: HomeScreen-load_contacts
2025-02-07 16:56:15 ==> [LOG 24] Tempo desde o último log: 0.084s | Tempo total: 0.545s | Mensagem: Messages
2025-02-07 16:56:41 ==> [LOG 25] Tempo desde o último log: 26.299s | Tempo total: 26.844s | Mensagem: __main__
