2025-02-07 16:35:08 ==> [LOG 1] Tempo desde o último log: 0.000s | Tempo total: 0.000s | Mensagem: (-_-)
2025-02-07 16:35:08 ==> [LOG 2] Tempo desde o último log: 0.013s | Tempo total: 0.013s | Mensagem: HiveApp-build
2025-02-07 16:35:08 ==> [LOG 3] Tempo desde o último log: 0.005s | Tempo total: 0.018s | Mensagem: HiveApp-start_socket
2025-02-07 16:35:08 ==> [LOG 4] Tempo desde o último log: 0.198s | Tempo total: 0.216s | Mensagem: HomeScreen
2025-02-07 16:35:08 ==> [LOG 5] Tempo desde o último log: 0.000s | Tempo total: 0.216s | Mensagem: HomeScreen-on_kv_post
2025-02-07 16:35:08 ==> [LOG 6] Tempo desde o último log: 0.000s | Tempo total: 0.216s | Mensagem: HomeScreen-create_contacts
2025-02-07 16:35:08 ==> [LOG 7] Tempo desde o último log: 0.015s | Tempo total: 0.231s | Mensagem: Contact-item
2025-02-07 16:35:08 ==> [LOG 8] Tempo desde o último log: 0.006s | Tempo total: 0.237s | Mensagem: HomeScreen-load_contacts
2025-02-07 16:35:08 ==> [LOG 9] Tempo desde o último log: 0.000s | Tempo total: 0.237s | Mensagem: HomeScreen-create_contacts
2025-02-07 16:35:08 ==> [LOG 10] Tempo desde o último log: 0.013s | Tempo total: 0.251s | Mensagem: Contact-item
2025-02-07 16:35:08 ==> [LOG 11] Tempo desde o último log: 0.007s | Tempo total: 0.257s | Mensagem: HomeScreen-load_contacts
2025-02-07 16:35:08 ==> [LOG 12] Tempo desde o último log: 0.000s | Tempo total: 0.257s | Mensagem: HomeScreen-create_contacts
2025-02-07 16:35:08 ==> [LOG 13] Tempo desde o último log: 0.012s | Tempo total: 0.269s | Mensagem: Contact-item
2025-02-07 16:35:08 ==> [LOG 14] Tempo desde o último log: 0.008s | Tempo total: 0.278s | Mensagem: HomeScreen-load_contacts
2025-02-07 16:35:08 ==> [LOG 15] Tempo desde o último log: 0.000s | Tempo total: 0.278s | Mensagem: HomeScreen-create_contacts
2025-02-07 16:35:08 ==> [LOG 16] Tempo desde o último log: 0.012s | Tempo total: 0.290s | Mensagem: Contact-item
2025-02-07 16:35:08 ==> [LOG 17] Tempo desde o último log: 0.007s | Tempo total: 0.297s | Mensagem: HomeScreen-load_contacts
2025-02-07 16:35:08 ==> [LOG 18] Tempo desde o último log: 0.000s | Tempo total: 0.297s | Mensagem: HomeScreen-create_contacts
2025-02-07 16:35:08 ==> [LOG 19] Tempo desde o último log: 0.014s | Tempo total: 0.310s | Mensagem: Contact-item
2025-02-07 16:35:08 ==> [LOG 20] Tempo desde o último log: 0.007s | Tempo total: 0.317s | Mensagem: HomeScreen-load_contacts
2025-02-07 16:35:08 ==> [LOG 21] Tempo desde o último log: 0.000s | Tempo total: 0.317s | Mensagem: HomeScreen-create_contacts
2025-02-07 16:35:08 ==> [LOG 22] Tempo desde o último log: 0.014s | Tempo total: 0.331s | Mensagem: Contact-item
2025-02-07 16:35:08 ==> [LOG 23] Tempo desde o último log: 0.007s | Tempo total: 0.338s | Mensagem: HomeScreen-load_contacts
2025-02-07 16:35:08 ==> [LOG 24] Tempo desde o último log: 0.000s | Tempo total: 0.338s | Mensagem: HomeScreen-create_contacts
2025-02-07 16:35:08 ==> [LOG 25] Tempo desde o último log: 0.012s | Tempo total: 0.350s | Mensagem: Contact-item
2025-02-07 16:35:08 ==> [LOG 26] Tempo desde o último log: 0.009s | Tempo total: 0.359s | Mensagem: HomeScreen-load_contacts
2025-02-07 16:35:08 ==> [LOG 27] Tempo desde o último log: 0.000s | Tempo total: 0.359s | Mensagem: HomeScreen-create_contacts
2025-02-07 16:35:08 ==> [LOG 28] Tempo desde o último log: 0.012s | Tempo total: 0.371s | Mensagem: Contact-item
2025-02-07 16:35:08 ==> [LOG 29] Tempo desde o último log: 0.007s | Tempo total: 0.378s | Mensagem: HomeScreen-load_contacts
2025-02-07 16:35:08 ==> [LOG 30] Tempo desde o último log: 0.000s | Tempo total: 0.378s | Mensagem: HomeScreen-create_contacts
2025-02-07 16:35:08 ==> [LOG 31] Tempo desde o último log: 0.015s | Tempo total: 0.393s | Mensagem: Contact-item
2025-02-07 16:35:08 ==> [LOG 32] Tempo desde o último log: 0.007s | Tempo total: 0.400s | Mensagem: HomeScreen-load_contacts
2025-02-07 16:35:08 ==> [LOG 33] Tempo desde o último log: 0.000s | Tempo total: 0.400s | Mensagem: HomeScreen-create_contacts
2025-02-07 16:35:08 ==> [LOG 34] Tempo desde o último log: 0.013s | Tempo total: 0.413s | Mensagem: Contact-item
2025-02-07 16:35:09 ==> [LOG 35] Tempo desde o último log: 0.115s | Tempo total: 0.527s | Mensagem: HomeScreen-load_contacts
2025-02-07 16:35:09 ==> [LOG 36] Tempo desde o último log: 0.094s | Tempo total: 0.621s | Mensagem: Messages
2025-02-07 16:35:11 ==> [LOG 37] Tempo desde o último log: 1.987s | Tempo total: 2.608s | Mensagem: __main__
2025-02-07 16:35:11 ==> [LOG 38] Tempo desde o último log: 0.000s | Tempo total: 2.608s | Mensagem: the and
