2025-02-17 21:55:01,287 - socket_logger - INFO - SocketIO initialized
2025-02-17 21:55:03,078 - socket_logger - INFO - SocketIO initialized
2025-02-17 21:55:28,438 - socket_logger - INFO - Cliente conectado
2025-02-17 21:56:33,396 - socket_logger - INFO - Cliente desconectado
2025-02-17 21:56:37,052 - socket_logger - INFO - Cliente conectado
2025-02-17 22:05:43,383 - socket_logger - INFO - Cliente desconectado
2025-02-17 22:05:47,010 - socket_logger - INFO - Cliente conectado
2025-02-17 22:06:01,832 - socket_logger - INFO - Cliente desconectado
2025-02-17 22:07:18,128 - socket_logger - INFO - Cliente conectado
2025-02-17 22:09:00,739 - socket_logger - INFO - SocketIO initialized
2025-02-17 22:09:00,897 - socket_logger - INFO - Cliente conectado
2025-02-17 22:09:05,740 - socket_logger - INFO - SocketIO initialized
2025-02-17 22:09:05,888 - socket_logger - INFO - Cliente conectado
2025-02-17 22:09:10,537 - socket_logger - INFO - SocketIO initialized
2025-02-17 22:09:10,765 - socket_logger - INFO - Cliente conectado
2025-02-17 22:09:22,589 - socket_logger - INFO - SocketIO initialized
2025-02-17 22:09:22,739 - socket_logger - INFO - Cliente conectado
2025-02-17 22:09:30,443 - socket_logger - INFO - Cliente desconectado
2025-02-17 22:09:34,849 - socket_logger - INFO - Cliente conectado
2025-02-17 22:09:46,205 - socket_logger - INFO - Cliente desconectado
2025-02-17 22:11:52,639 - socket_logger - INFO - Cliente conectado
2025-02-17 22:16:00,791 - socket_logger - INFO - Cliente desconectado
2025-02-17 22:16:03,455 - socket_logger - INFO - Cliente conectado
2025-02-17 22:16:08,503 - socket_logger - INFO - Cliente desconectado
2025-02-17 22:16:36,457 - socket_logger - INFO - Cliente conectado
2025-02-17 22:18:13,797 - socket_logger - INFO - Cliente desconectado
2025-02-17 22:18:14,721 - socket_logger - INFO - Cliente conectado
2025-02-17 22:18:50,477 - socket_logger - INFO - Cliente desconectado
2025-02-17 22:18:52,780 - socket_logger - INFO - Cliente conectado
2025-02-17 22:27:06,841 - socket_logger - INFO - Cliente desconectado
2025-02-17 22:27:26,074 - socket_logger - INFO - Cliente conectado
2025-02-17 22:27:26,102 - socket_logger - INFO - Cliente desconectado
2025-02-17 22:27:57,359 - socket_logger - INFO - Cliente conectado
2025-02-17 22:27:57,361 - socket_logger - INFO - Usuario 1 conectado com o socket P0vPPHPoyR45Qf1CAAAR
2025-02-17 22:34:31,864 - socket_logger - INFO - Cliente desconectado
2025-02-17 22:34:31,866 - socket_logger - INFO - Usuario 1 desconectado
2025-02-17 22:34:35,079 - socket_logger - INFO - Cliente conectado
2025-02-17 22:34:35,082 - socket_logger - INFO - Usuario 1 conectado com o socket YyWMxtor_BDqrEZAAAAT
2025-02-17 22:34:45,368 - socket_logger - INFO - Cliente desconectado
2025-02-17 22:34:45,369 - socket_logger - INFO - Usuario 1 desconectado
2025-02-17 22:34:48,283 - socket_logger - INFO - Cliente conectado
2025-02-17 22:34:48,285 - socket_logger - INFO - Usuario 1 conectado com o socket HG12Uv5QdKLsJ0S5AAAV
2025-02-17 22:36:01,422 - socket_logger - INFO - Cliente desconectado
2025-02-17 22:36:01,424 - socket_logger - INFO - Usuario 1 desconectado
2025-02-17 22:36:03,651 - socket_logger - INFO - Cliente conectado
2025-02-17 22:36:03,655 - socket_logger - INFO - Usuario 1 conectado com o socket AUFYaz3ARmYCP-XxAAAX
2025-02-17 22:36:20,085 - socket_logger - INFO - Cliente desconectado
2025-02-17 22:36:20,085 - socket_logger - INFO - Usuario 1 desconectado
2025-02-17 22:36:58,504 - socket_logger - INFO - Cliente conectado
2025-02-17 22:36:58,506 - socket_logger - INFO - Usuario 1 conectado com o socket JJ86iP_x_rNqTAnqAAAZ
2025-02-17 22:37:29,541 - socket_logger - INFO - Cliente desconectado
2025-02-17 22:37:29,541 - socket_logger - INFO - Usuario 1 desconectado
